CRITICAL - 2022-05-30 04:07:35 --> Class 'App\Models\UserModel' not found
#0 C:\wamp64\www\Juge-Maj\system\CodeIgniter.php(832): App\Controllers\Home->voteCreer()
#1 C:\wamp64\www\Juge-Maj\system\CodeIgniter.php(419): CodeIgniter\CodeIgniter->runController(Object(App\Controllers\Home))
#2 C:\wamp64\www\Juge-Maj\system\CodeIgniter.php(326): CodeIgniter\CodeIgniter->handleRequest(NULL, Object(Config\Cache), false)
#3 C:\wamp64\www\Juge-Maj\public\index.php(37): CodeIgniter\CodeIgniter->run()
#4 {main}
CRITICAL - 2022-05-30 04:07:40 --> Class 'App\Models\UserModel' not found
#0 C:\wamp64\www\Juge-Maj\system\CodeIgniter.php(832): App\Controllers\Home->voteCreer()
#1 C:\wamp64\www\Juge-Maj\system\CodeIgniter.php(419): CodeIgniter\CodeIgniter->runController(Object(App\Controllers\Home))
#2 C:\wamp64\www\Juge-Maj\system\CodeIgniter.php(326): CodeIgniter\CodeIgniter->handleRequest(NULL, Object(Config\Cache), false)
#3 C:\wamp64\www\Juge-Maj\public\index.php(37): CodeIgniter\CodeIgniter->run()
#4 {main}
CRITICAL - 2022-05-30 04:09:18 --> Class 'App\Models\UserModel' not found
#0 C:\wamp64\www\Juge-Maj\system\CodeIgniter.php(832): App\Controllers\Home->voteCreer()
#1 C:\wamp64\www\Juge-Maj\system\CodeIgniter.php(419): CodeIgniter\CodeIgniter->runController(Object(App\Controllers\Home))
#2 C:\wamp64\www\Juge-Maj\system\CodeIgniter.php(326): CodeIgniter\CodeIgniter->handleRequest(NULL, Object(Config\Cache), false)
#3 C:\wamp64\www\Juge-Maj\public\index.php(37): CodeIgniter\CodeIgniter->run()
#4 {main}
CRITICAL - 2022-05-30 04:09:18 --> Class 'App\Models\UserModel' not found
#0 C:\wamp64\www\Juge-Maj\system\CodeIgniter.php(832): App\Controllers\Home->voteCreer()
#1 C:\wamp64\www\Juge-Maj\system\CodeIgniter.php(419): CodeIgniter\CodeIgniter->runController(Object(App\Controllers\Home))
#2 C:\wamp64\www\Juge-Maj\system\CodeIgniter.php(326): CodeIgniter\CodeIgniter->handleRequest(NULL, Object(Config\Cache), false)
#3 C:\wamp64\www\Juge-Maj\public\index.php(37): CodeIgniter\CodeIgniter->run()
#4 {main}
CRITICAL - 2022-05-30 04:09:18 --> Class 'App\Models\UserModel' not found
#0 C:\wamp64\www\Juge-Maj\system\CodeIgniter.php(832): App\Controllers\Home->voteCreer()
#1 C:\wamp64\www\Juge-Maj\system\CodeIgniter.php(419): CodeIgniter\CodeIgniter->runController(Object(App\Controllers\Home))
#2 C:\wamp64\www\Juge-Maj\system\CodeIgniter.php(326): CodeIgniter\CodeIgniter->handleRequest(NULL, Object(Config\Cache), false)
#3 C:\wamp64\www\Juge-Maj\public\index.php(37): CodeIgniter\CodeIgniter->run()
#4 {main}
CRITICAL - 2022-05-30 04:09:19 --> Class 'App\Models\UserModel' not found
#0 C:\wamp64\www\Juge-Maj\system\CodeIgniter.php(832): App\Controllers\Home->voteCreer()
#1 C:\wamp64\www\Juge-Maj\system\CodeIgniter.php(419): CodeIgniter\CodeIgniter->runController(Object(App\Controllers\Home))
#2 C:\wamp64\www\Juge-Maj\system\CodeIgniter.php(326): CodeIgniter\CodeIgniter->handleRequest(NULL, Object(Config\Cache), false)
#3 C:\wamp64\www\Juge-Maj\public\index.php(37): CodeIgniter\CodeIgniter->run()
#4 {main}
CRITICAL - 2022-05-30 04:09:24 --> Class 'App\Models\UserModel' not found
#0 C:\wamp64\www\Juge-Maj\system\CodeIgniter.php(832): App\Controllers\Home->voteCreer()
#1 C:\wamp64\www\Juge-Maj\system\CodeIgniter.php(419): CodeIgniter\CodeIgniter->runController(Object(App\Controllers\Home))
#2 C:\wamp64\www\Juge-Maj\system\CodeIgniter.php(326): CodeIgniter\CodeIgniter->handleRequest(NULL, Object(Config\Cache), false)
#3 C:\wamp64\www\Juge-Maj\public\index.php(37): CodeIgniter\CodeIgniter->run()
#4 {main}
CRITICAL - 2022-05-30 04:09:25 --> Class 'App\Models\UserModel' not found
#0 C:\wamp64\www\Juge-Maj\system\CodeIgniter.php(832): App\Controllers\Home->voteCreer()
#1 C:\wamp64\www\Juge-Maj\system\CodeIgniter.php(419): CodeIgniter\CodeIgniter->runController(Object(App\Controllers\Home))
#2 C:\wamp64\www\Juge-Maj\system\CodeIgniter.php(326): CodeIgniter\CodeIgniter->handleRequest(NULL, Object(Config\Cache), false)
#3 C:\wamp64\www\Juge-Maj\public\index.php(37): CodeIgniter\CodeIgniter->run()
#4 {main}
CRITICAL - 2022-05-30 04:09:32 --> Class 'App\Models\UserModel' not found
#0 C:\wamp64\www\Juge-Maj\system\CodeIgniter.php(832): App\Controllers\Home->voteCreer()
#1 C:\wamp64\www\Juge-Maj\system\CodeIgniter.php(419): CodeIgniter\CodeIgniter->runController(Object(App\Controllers\Home))
#2 C:\wamp64\www\Juge-Maj\system\CodeIgniter.php(326): CodeIgniter\CodeIgniter->handleRequest(NULL, Object(Config\Cache), false)
#3 C:\wamp64\www\Juge-Maj\public\index.php(37): CodeIgniter\CodeIgniter->run()
#4 {main}
CRITICAL - 2022-05-30 04:10:01 --> Class 'App\Models\UserModel' not found
#0 C:\wamp64\www\Juge-Maj\system\CodeIgniter.php(832): App\Controllers\Home->voteCreer()
#1 C:\wamp64\www\Juge-Maj\system\CodeIgniter.php(419): CodeIgniter\CodeIgniter->runController(Object(App\Controllers\Home))
#2 C:\wamp64\www\Juge-Maj\system\CodeIgniter.php(326): CodeIgniter\CodeIgniter->handleRequest(NULL, Object(Config\Cache), false)
#3 C:\wamp64\www\Juge-Maj\public\index.php(37): CodeIgniter\CodeIgniter->run()
#4 {main}
CRITICAL - 2022-05-30 04:10:02 --> Class 'App\Models\UserModel' not found
#0 C:\wamp64\www\Juge-Maj\system\CodeIgniter.php(832): App\Controllers\Home->voteCreer()
#1 C:\wamp64\www\Juge-Maj\system\CodeIgniter.php(419): CodeIgniter\CodeIgniter->runController(Object(App\Controllers\Home))
#2 C:\wamp64\www\Juge-Maj\system\CodeIgniter.php(326): CodeIgniter\CodeIgniter->handleRequest(NULL, Object(Config\Cache), false)
#3 C:\wamp64\www\Juge-Maj\public\index.php(37): CodeIgniter\CodeIgniter->run()
#4 {main}
CRITICAL - 2022-05-30 11:43:40 --> Class 'App\Models\UserModel' not found
#0 C:\wamp64\www\Juge-Maj\system\CodeIgniter.php(832): App\Controllers\Home->voteCreer()
#1 C:\wamp64\www\Juge-Maj\system\CodeIgniter.php(419): CodeIgniter\CodeIgniter->runController(Object(App\Controllers\Home))
#2 C:\wamp64\www\Juge-Maj\system\CodeIgniter.php(326): CodeIgniter\CodeIgniter->handleRequest(NULL, Object(Config\Cache), false)
#3 C:\wamp64\www\Juge-Maj\public\index.php(37): CodeIgniter\CodeIgniter->run()
#4 {main}
CRITICAL - 2022-05-30 12:01:06 --> Class 'App\Models\UserModel' not found
#0 C:\wamp64\www\Juge-Maj\system\CodeIgniter.php(832): App\Controllers\Home->voteCreer()
#1 C:\wamp64\www\Juge-Maj\system\CodeIgniter.php(419): CodeIgniter\CodeIgniter->runController(Object(App\Controllers\Home))
#2 C:\wamp64\www\Juge-Maj\system\CodeIgniter.php(326): CodeIgniter\CodeIgniter->handleRequest(NULL, Object(Config\Cache), false)
#3 C:\wamp64\www\Juge-Maj\public\index.php(37): CodeIgniter\CodeIgniter->run()
#4 {main}
CRITICAL - 2022-05-30 12:01:07 --> Class 'App\Models\UserModel' not found
#0 C:\wamp64\www\Juge-Maj\system\CodeIgniter.php(832): App\Controllers\Home->voteCreer()
#1 C:\wamp64\www\Juge-Maj\system\CodeIgniter.php(419): CodeIgniter\CodeIgniter->runController(Object(App\Controllers\Home))
#2 C:\wamp64\www\Juge-Maj\system\CodeIgniter.php(326): CodeIgniter\CodeIgniter->handleRequest(NULL, Object(Config\Cache), false)
#3 C:\wamp64\www\Juge-Maj\public\index.php(37): CodeIgniter\CodeIgniter->run()
#4 {main}
CRITICAL - 2022-05-30 12:01:08 --> Class 'App\Models\UserModel' not found
#0 C:\wamp64\www\Juge-Maj\system\CodeIgniter.php(832): App\Controllers\Home->voteCreer()
#1 C:\wamp64\www\Juge-Maj\system\CodeIgniter.php(419): CodeIgniter\CodeIgniter->runController(Object(App\Controllers\Home))
#2 C:\wamp64\www\Juge-Maj\system\CodeIgniter.php(326): CodeIgniter\CodeIgniter->handleRequest(NULL, Object(Config\Cache), false)
#3 C:\wamp64\www\Juge-Maj\public\index.php(37): CodeIgniter\CodeIgniter->run()
#4 {main}
CRITICAL - 2022-05-30 12:01:08 --> Class 'App\Models\UserModel' not found
#0 C:\wamp64\www\Juge-Maj\system\CodeIgniter.php(832): App\Controllers\Home->voteCreer()
#1 C:\wamp64\www\Juge-Maj\system\CodeIgniter.php(419): CodeIgniter\CodeIgniter->runController(Object(App\Controllers\Home))
#2 C:\wamp64\www\Juge-Maj\system\CodeIgniter.php(326): CodeIgniter\CodeIgniter->handleRequest(NULL, Object(Config\Cache), false)
#3 C:\wamp64\www\Juge-Maj\public\index.php(37): CodeIgniter\CodeIgniter->run()
#4 {main}
CRITICAL - 2022-05-30 12:01:08 --> Class 'App\Models\UserModel' not found
#0 C:\wamp64\www\Juge-Maj\system\CodeIgniter.php(832): App\Controllers\Home->voteCreer()
#1 C:\wamp64\www\Juge-Maj\system\CodeIgniter.php(419): CodeIgniter\CodeIgniter->runController(Object(App\Controllers\Home))
#2 C:\wamp64\www\Juge-Maj\system\CodeIgniter.php(326): CodeIgniter\CodeIgniter->handleRequest(NULL, Object(Config\Cache), false)
#3 C:\wamp64\www\Juge-Maj\public\index.php(37): CodeIgniter\CodeIgniter->run()
#4 {main}
CRITICAL - 2022-05-30 12:01:08 --> Class 'App\Models\UserModel' not found
#0 C:\wamp64\www\Juge-Maj\system\CodeIgniter.php(832): App\Controllers\Home->voteCreer()
#1 C:\wamp64\www\Juge-Maj\system\CodeIgniter.php(419): CodeIgniter\CodeIgniter->runController(Object(App\Controllers\Home))
#2 C:\wamp64\www\Juge-Maj\system\CodeIgniter.php(326): CodeIgniter\CodeIgniter->handleRequest(NULL, Object(Config\Cache), false)
#3 C:\wamp64\www\Juge-Maj\public\index.php(37): CodeIgniter\CodeIgniter->run()
#4 {main}
CRITICAL - 2022-05-30 12:01:09 --> Class 'App\Models\UserModel' not found
#0 C:\wamp64\www\Juge-Maj\system\CodeIgniter.php(832): App\Controllers\Home->voteCreer()
#1 C:\wamp64\www\Juge-Maj\system\CodeIgniter.php(419): CodeIgniter\CodeIgniter->runController(Object(App\Controllers\Home))
#2 C:\wamp64\www\Juge-Maj\system\CodeIgniter.php(326): CodeIgniter\CodeIgniter->handleRequest(NULL, Object(Config\Cache), false)
#3 C:\wamp64\www\Juge-Maj\public\index.php(37): CodeIgniter\CodeIgniter->run()
#4 {main}
CRITICAL - 2022-05-30 12:01:16 --> Class 'App\Models\UserModel' not found
#0 C:\wamp64\www\Juge-Maj\system\CodeIgniter.php(832): App\Controllers\Home->voteCreer()
#1 C:\wamp64\www\Juge-Maj\system\CodeIgniter.php(419): CodeIgniter\CodeIgniter->runController(Object(App\Controllers\Home))
#2 C:\wamp64\www\Juge-Maj\system\CodeIgniter.php(326): CodeIgniter\CodeIgniter->handleRequest(NULL, Object(Config\Cache), false)
#3 C:\wamp64\www\Juge-Maj\public\index.php(37): CodeIgniter\CodeIgniter->run()
#4 {main}
CRITICAL - 2022-05-30 12:01:38 --> Class 'App\Models\UserModel' not found
#0 C:\wamp64\www\Juge-Maj\system\CodeIgniter.php(832): App\Controllers\Home->voteCreer()
#1 C:\wamp64\www\Juge-Maj\system\CodeIgniter.php(419): CodeIgniter\CodeIgniter->runController(Object(App\Controllers\Home))
#2 C:\wamp64\www\Juge-Maj\system\CodeIgniter.php(326): CodeIgniter\CodeIgniter->handleRequest(NULL, Object(Config\Cache), false)
#3 C:\wamp64\www\Juge-Maj\public\index.php(37): CodeIgniter\CodeIgniter->run()
#4 {main}
CRITICAL - 2022-05-30 12:01:39 --> Class 'App\Models\UserModel' not found
#0 C:\wamp64\www\Juge-Maj\system\CodeIgniter.php(832): App\Controllers\Home->voteCreer()
#1 C:\wamp64\www\Juge-Maj\system\CodeIgniter.php(419): CodeIgniter\CodeIgniter->runController(Object(App\Controllers\Home))
#2 C:\wamp64\www\Juge-Maj\system\CodeIgniter.php(326): CodeIgniter\CodeIgniter->handleRequest(NULL, Object(Config\Cache), false)
#3 C:\wamp64\www\Juge-Maj\public\index.php(37): CodeIgniter\CodeIgniter->run()
#4 {main}
CRITICAL - 2022-05-30 12:01:40 --> Class 'App\Models\UserModel' not found
#0 C:\wamp64\www\Juge-Maj\system\CodeIgniter.php(832): App\Controllers\Home->voteCreer()
#1 C:\wamp64\www\Juge-Maj\system\CodeIgniter.php(419): CodeIgniter\CodeIgniter->runController(Object(App\Controllers\Home))
#2 C:\wamp64\www\Juge-Maj\system\CodeIgniter.php(326): CodeIgniter\CodeIgniter->handleRequest(NULL, Object(Config\Cache), false)
#3 C:\wamp64\www\Juge-Maj\public\index.php(37): CodeIgniter\CodeIgniter->run()
#4 {main}
CRITICAL - 2022-05-30 12:02:30 --> Class 'App\Models\UserModel' not found
#0 C:\wamp64\www\Juge-Maj\system\CodeIgniter.php(832): App\Controllers\Home->voteCreer()
#1 C:\wamp64\www\Juge-Maj\system\CodeIgniter.php(419): CodeIgniter\CodeIgniter->runController(Object(App\Controllers\Home))
#2 C:\wamp64\www\Juge-Maj\system\CodeIgniter.php(326): CodeIgniter\CodeIgniter->handleRequest(NULL, Object(Config\Cache), false)
#3 C:\wamp64\www\Juge-Maj\public\index.php(37): CodeIgniter\CodeIgniter->run()
#4 {main}
CRITICAL - 2022-05-30 12:02:32 --> Class 'App\Models\UserModel' not found
#0 C:\wamp64\www\Juge-Maj\system\CodeIgniter.php(832): App\Controllers\Home->voteCreer()
#1 C:\wamp64\www\Juge-Maj\system\CodeIgniter.php(419): CodeIgniter\CodeIgniter->runController(Object(App\Controllers\Home))
#2 C:\wamp64\www\Juge-Maj\system\CodeIgniter.php(326): CodeIgniter\CodeIgniter->handleRequest(NULL, Object(Config\Cache), false)
#3 C:\wamp64\www\Juge-Maj\public\index.php(37): CodeIgniter\CodeIgniter->run()
#4 {main}
CRITICAL - 2022-05-30 12:02:45 --> Class 'App\Models\UserModel' not found
#0 C:\wamp64\www\Juge-Maj\system\CodeIgniter.php(832): App\Controllers\Home->voteCreer()
#1 C:\wamp64\www\Juge-Maj\system\CodeIgniter.php(419): CodeIgniter\CodeIgniter->runController(Object(App\Controllers\Home))
#2 C:\wamp64\www\Juge-Maj\system\CodeIgniter.php(326): CodeIgniter\CodeIgniter->handleRequest(NULL, Object(Config\Cache), false)
#3 C:\wamp64\www\Juge-Maj\public\index.php(37): CodeIgniter\CodeIgniter->run()
#4 {main}
CRITICAL - 2022-05-30 12:03:16 --> Class 'App\Models\UserModel' not found
#0 C:\wamp64\www\Juge-Maj\system\CodeIgniter.php(832): App\Controllers\Home->voteCreer()
#1 C:\wamp64\www\Juge-Maj\system\CodeIgniter.php(419): CodeIgniter\CodeIgniter->runController(Object(App\Controllers\Home))
#2 C:\wamp64\www\Juge-Maj\system\CodeIgniter.php(326): CodeIgniter\CodeIgniter->handleRequest(NULL, Object(Config\Cache), false)
#3 C:\wamp64\www\Juge-Maj\public\index.php(37): CodeIgniter\CodeIgniter->run()
#4 {main}
CRITICAL - 2022-05-30 12:03:16 --> Class 'App\Models\UserModel' not found
#0 C:\wamp64\www\Juge-Maj\system\CodeIgniter.php(832): App\Controllers\Home->voteCreer()
#1 C:\wamp64\www\Juge-Maj\system\CodeIgniter.php(419): CodeIgniter\CodeIgniter->runController(Object(App\Controllers\Home))
#2 C:\wamp64\www\Juge-Maj\system\CodeIgniter.php(326): CodeIgniter\CodeIgniter->handleRequest(NULL, Object(Config\Cache), false)
#3 C:\wamp64\www\Juge-Maj\public\index.php(37): CodeIgniter\CodeIgniter->run()
#4 {main}
CRITICAL - 2022-05-30 12:04:54 --> Class 'App\Models\UserModel' not found
#0 C:\wamp64\www\Juge-Maj\system\CodeIgniter.php(832): App\Controllers\Home->voteCreer()
#1 C:\wamp64\www\Juge-Maj\system\CodeIgniter.php(419): CodeIgniter\CodeIgniter->runController(Object(App\Controllers\Home))
#2 C:\wamp64\www\Juge-Maj\system\CodeIgniter.php(326): CodeIgniter\CodeIgniter->handleRequest(NULL, Object(Config\Cache), false)
#3 C:\wamp64\www\Juge-Maj\public\index.php(37): CodeIgniter\CodeIgniter->run()
#4 {main}
CRITICAL - 2022-05-30 12:04:55 --> Class 'App\Models\UserModel' not found
#0 C:\wamp64\www\Juge-Maj\system\CodeIgniter.php(832): App\Controllers\Home->voteCreer()
#1 C:\wamp64\www\Juge-Maj\system\CodeIgniter.php(419): CodeIgniter\CodeIgniter->runController(Object(App\Controllers\Home))
#2 C:\wamp64\www\Juge-Maj\system\CodeIgniter.php(326): CodeIgniter\CodeIgniter->handleRequest(NULL, Object(Config\Cache), false)
#3 C:\wamp64\www\Juge-Maj\public\index.php(37): CodeIgniter\CodeIgniter->run()
#4 {main}
CRITICAL - 2022-05-30 12:04:56 --> Class 'App\Models\UserModel' not found
#0 C:\wamp64\www\Juge-Maj\system\CodeIgniter.php(832): App\Controllers\Home->voteCreer()
#1 C:\wamp64\www\Juge-Maj\system\CodeIgniter.php(419): CodeIgniter\CodeIgniter->runController(Object(App\Controllers\Home))
#2 C:\wamp64\www\Juge-Maj\system\CodeIgniter.php(326): CodeIgniter\CodeIgniter->handleRequest(NULL, Object(Config\Cache), false)
#3 C:\wamp64\www\Juge-Maj\public\index.php(37): CodeIgniter\CodeIgniter->run()
#4 {main}
CRITICAL - 2022-05-30 12:04:56 --> Class 'App\Models\UserModel' not found
#0 C:\wamp64\www\Juge-Maj\system\CodeIgniter.php(832): App\Controllers\Home->voteCreer()
#1 C:\wamp64\www\Juge-Maj\system\CodeIgniter.php(419): CodeIgniter\CodeIgniter->runController(Object(App\Controllers\Home))
#2 C:\wamp64\www\Juge-Maj\system\CodeIgniter.php(326): CodeIgniter\CodeIgniter->handleRequest(NULL, Object(Config\Cache), false)
#3 C:\wamp64\www\Juge-Maj\public\index.php(37): CodeIgniter\CodeIgniter->run()
#4 {main}
CRITICAL - 2022-05-30 12:04:56 --> Class 'App\Models\UserModel' not found
#0 C:\wamp64\www\Juge-Maj\system\CodeIgniter.php(832): App\Controllers\Home->voteCreer()
#1 C:\wamp64\www\Juge-Maj\system\CodeIgniter.php(419): CodeIgniter\CodeIgniter->runController(Object(App\Controllers\Home))
#2 C:\wamp64\www\Juge-Maj\system\CodeIgniter.php(326): CodeIgniter\CodeIgniter->handleRequest(NULL, Object(Config\Cache), false)
#3 C:\wamp64\www\Juge-Maj\public\index.php(37): CodeIgniter\CodeIgniter->run()
#4 {main}
CRITICAL - 2022-05-30 12:04:56 --> Class 'App\Models\UserModel' not found
#0 C:\wamp64\www\Juge-Maj\system\CodeIgniter.php(832): App\Controllers\Home->voteCreer()
#1 C:\wamp64\www\Juge-Maj\system\CodeIgniter.php(419): CodeIgniter\CodeIgniter->runController(Object(App\Controllers\Home))
#2 C:\wamp64\www\Juge-Maj\system\CodeIgniter.php(326): CodeIgniter\CodeIgniter->handleRequest(NULL, Object(Config\Cache), false)
#3 C:\wamp64\www\Juge-Maj\public\index.php(37): CodeIgniter\CodeIgniter->run()
#4 {main}
CRITICAL - 2022-05-30 12:04:57 --> Class 'App\Models\UserModel' not found
#0 C:\wamp64\www\Juge-Maj\system\CodeIgniter.php(832): App\Controllers\Home->voteCreer()
#1 C:\wamp64\www\Juge-Maj\system\CodeIgniter.php(419): CodeIgniter\CodeIgniter->runController(Object(App\Controllers\Home))
#2 C:\wamp64\www\Juge-Maj\system\CodeIgniter.php(326): CodeIgniter\CodeIgniter->handleRequest(NULL, Object(Config\Cache), false)
#3 C:\wamp64\www\Juge-Maj\public\index.php(37): CodeIgniter\CodeIgniter->run()
#4 {main}
CRITICAL - 2022-05-30 12:04:57 --> Class 'App\Models\UserModel' not found
#0 C:\wamp64\www\Juge-Maj\system\CodeIgniter.php(832): App\Controllers\Home->voteCreer()
#1 C:\wamp64\www\Juge-Maj\system\CodeIgniter.php(419): CodeIgniter\CodeIgniter->runController(Object(App\Controllers\Home))
#2 C:\wamp64\www\Juge-Maj\system\CodeIgniter.php(326): CodeIgniter\CodeIgniter->handleRequest(NULL, Object(Config\Cache), false)
#3 C:\wamp64\www\Juge-Maj\public\index.php(37): CodeIgniter\CodeIgniter->run()
#4 {main}
CRITICAL - 2022-05-30 12:04:57 --> Class 'App\Models\UserModel' not found
#0 C:\wamp64\www\Juge-Maj\system\CodeIgniter.php(832): App\Controllers\Home->voteCreer()
#1 C:\wamp64\www\Juge-Maj\system\CodeIgniter.php(419): CodeIgniter\CodeIgniter->runController(Object(App\Controllers\Home))
#2 C:\wamp64\www\Juge-Maj\system\CodeIgniter.php(326): CodeIgniter\CodeIgniter->handleRequest(NULL, Object(Config\Cache), false)
#3 C:\wamp64\www\Juge-Maj\public\index.php(37): CodeIgniter\CodeIgniter->run()
#4 {main}
CRITICAL - 2022-05-30 12:04:57 --> Class 'App\Models\UserModel' not found
#0 C:\wamp64\www\Juge-Maj\system\CodeIgniter.php(832): App\Controllers\Home->voteCreer()
#1 C:\wamp64\www\Juge-Maj\system\CodeIgniter.php(419): CodeIgniter\CodeIgniter->runController(Object(App\Controllers\Home))
#2 C:\wamp64\www\Juge-Maj\system\CodeIgniter.php(326): CodeIgniter\CodeIgniter->handleRequest(NULL, Object(Config\Cache), false)
#3 C:\wamp64\www\Juge-Maj\public\index.php(37): CodeIgniter\CodeIgniter->run()
#4 {main}
CRITICAL - 2022-05-30 12:04:57 --> Class 'App\Models\UserModel' not found
#0 C:\wamp64\www\Juge-Maj\system\CodeIgniter.php(832): App\Controllers\Home->voteCreer()
#1 C:\wamp64\www\Juge-Maj\system\CodeIgniter.php(419): CodeIgniter\CodeIgniter->runController(Object(App\Controllers\Home))
#2 C:\wamp64\www\Juge-Maj\system\CodeIgniter.php(326): CodeIgniter\CodeIgniter->handleRequest(NULL, Object(Config\Cache), false)
#3 C:\wamp64\www\Juge-Maj\public\index.php(37): CodeIgniter\CodeIgniter->run()
#4 {main}
CRITICAL - 2022-05-30 12:04:57 --> Class 'App\Models\UserModel' not found
#0 C:\wamp64\www\Juge-Maj\system\CodeIgniter.php(832): App\Controllers\Home->voteCreer()
#1 C:\wamp64\www\Juge-Maj\system\CodeIgniter.php(419): CodeIgniter\CodeIgniter->runController(Object(App\Controllers\Home))
#2 C:\wamp64\www\Juge-Maj\system\CodeIgniter.php(326): CodeIgniter\CodeIgniter->handleRequest(NULL, Object(Config\Cache), false)
#3 C:\wamp64\www\Juge-Maj\public\index.php(37): CodeIgniter\CodeIgniter->run()
#4 {main}
CRITICAL - 2022-05-30 12:04:58 --> Class 'App\Models\UserModel' not found
#0 C:\wamp64\www\Juge-Maj\system\CodeIgniter.php(832): App\Controllers\Home->voteCreer()
#1 C:\wamp64\www\Juge-Maj\system\CodeIgniter.php(419): CodeIgniter\CodeIgniter->runController(Object(App\Controllers\Home))
#2 C:\wamp64\www\Juge-Maj\system\CodeIgniter.php(326): CodeIgniter\CodeIgniter->handleRequest(NULL, Object(Config\Cache), false)
#3 C:\wamp64\www\Juge-Maj\public\index.php(37): CodeIgniter\CodeIgniter->run()
#4 {main}
CRITICAL - 2022-05-30 12:04:58 --> Class 'App\Models\UserModel' not found
#0 C:\wamp64\www\Juge-Maj\system\CodeIgniter.php(832): App\Controllers\Home->voteCreer()
#1 C:\wamp64\www\Juge-Maj\system\CodeIgniter.php(419): CodeIgniter\CodeIgniter->runController(Object(App\Controllers\Home))
#2 C:\wamp64\www\Juge-Maj\system\CodeIgniter.php(326): CodeIgniter\CodeIgniter->handleRequest(NULL, Object(Config\Cache), false)
#3 C:\wamp64\www\Juge-Maj\public\index.php(37): CodeIgniter\CodeIgniter->run()
#4 {main}
CRITICAL - 2022-05-30 12:04:58 --> Class 'App\Models\UserModel' not found
#0 C:\wamp64\www\Juge-Maj\system\CodeIgniter.php(832): App\Controllers\Home->voteCreer()
#1 C:\wamp64\www\Juge-Maj\system\CodeIgniter.php(419): CodeIgniter\CodeIgniter->runController(Object(App\Controllers\Home))
#2 C:\wamp64\www\Juge-Maj\system\CodeIgniter.php(326): CodeIgniter\CodeIgniter->handleRequest(NULL, Object(Config\Cache), false)
#3 C:\wamp64\www\Juge-Maj\public\index.php(37): CodeIgniter\CodeIgniter->run()
#4 {main}
CRITICAL - 2022-05-30 12:04:58 --> Class 'App\Models\UserModel' not found
#0 C:\wamp64\www\Juge-Maj\system\CodeIgniter.php(832): App\Controllers\Home->voteCreer()
#1 C:\wamp64\www\Juge-Maj\system\CodeIgniter.php(419): CodeIgniter\CodeIgniter->runController(Object(App\Controllers\Home))
#2 C:\wamp64\www\Juge-Maj\system\CodeIgniter.php(326): CodeIgniter\CodeIgniter->handleRequest(NULL, Object(Config\Cache), false)
#3 C:\wamp64\www\Juge-Maj\public\index.php(37): CodeIgniter\CodeIgniter->run()
#4 {main}
CRITICAL - 2022-05-30 12:04:58 --> Class 'App\Models\UserModel' not found
#0 C:\wamp64\www\Juge-Maj\system\CodeIgniter.php(832): App\Controllers\Home->voteCreer()
#1 C:\wamp64\www\Juge-Maj\system\CodeIgniter.php(419): CodeIgniter\CodeIgniter->runController(Object(App\Controllers\Home))
#2 C:\wamp64\www\Juge-Maj\system\CodeIgniter.php(326): CodeIgniter\CodeIgniter->handleRequest(NULL, Object(Config\Cache), false)
#3 C:\wamp64\www\Juge-Maj\public\index.php(37): CodeIgniter\CodeIgniter->run()
#4 {main}
CRITICAL - 2022-05-30 12:14:34 --> Undefined variable: vote
#0 C:\wamp64\www\Juge-Maj\app\Views\creerVote.php(3): CodeIgniter\Debug\Exceptions->errorHandler(8, 'Undefined varia...', 'C:\\wamp64\\www\\J...', 3, Array)
#1 C:\wamp64\www\Juge-Maj\system\View\View.php(210): include('C:\\wamp64\\www\\J...')
#2 C:\wamp64\www\Juge-Maj\system\View\View.php(213): CodeIgniter\View\View->CodeIgniter\View\{closure}()
#3 C:\wamp64\www\Juge-Maj\system\Common.php(1089): CodeIgniter\View\View->render('creerVote', Array, true)
#4 C:\wamp64\www\Juge-Maj\app\Controllers\Home.php(17): view('creerVote')
#5 C:\wamp64\www\Juge-Maj\system\CodeIgniter.php(832): App\Controllers\Home->voteCreer()
#6 C:\wamp64\www\Juge-Maj\system\CodeIgniter.php(419): CodeIgniter\CodeIgniter->runController(Object(App\Controllers\Home))
#7 C:\wamp64\www\Juge-Maj\system\CodeIgniter.php(326): CodeIgniter\CodeIgniter->handleRequest(NULL, Object(Config\Cache), false)
#8 C:\wamp64\www\Juge-Maj\public\index.php(37): CodeIgniter\CodeIgniter->run()
#9 {main}
CRITICAL - 2022-05-30 12:26:58 --> Call to undefined function set_value()
#0 C:\wamp64\www\Juge-Maj\system\View\View.php(210): include()
#1 C:\wamp64\www\Juge-Maj\system\View\View.php(213): CodeIgniter\View\View->CodeIgniter\View\{closure}()
#2 C:\wamp64\www\Juge-Maj\system\Common.php(1089): CodeIgniter\View\View->render('creerVote', Array, true)
#3 C:\wamp64\www\Juge-Maj\app\Controllers\Home.php(17): view('creerVote')
#4 C:\wamp64\www\Juge-Maj\system\CodeIgniter.php(832): App\Controllers\Home->voteCreer()
#5 C:\wamp64\www\Juge-Maj\system\CodeIgniter.php(419): CodeIgniter\CodeIgniter->runController(Object(App\Controllers\Home))
#6 C:\wamp64\www\Juge-Maj\system\CodeIgniter.php(326): CodeIgniter\CodeIgniter->handleRequest(NULL, Object(Config\Cache), false)
#7 C:\wamp64\www\Juge-Maj\public\index.php(37): CodeIgniter\CodeIgniter->run()
#8 {main}
CRITICAL - 2022-05-30 12:27:06 --> Call to undefined function set_value()
#0 C:\wamp64\www\Juge-Maj\system\View\View.php(210): include()
#1 C:\wamp64\www\Juge-Maj\system\View\View.php(213): CodeIgniter\View\View->CodeIgniter\View\{closure}()
#2 C:\wamp64\www\Juge-Maj\system\Common.php(1089): CodeIgniter\View\View->render('creerVote', Array, true)
#3 C:\wamp64\www\Juge-Maj\app\Controllers\Home.php(17): view('creerVote')
#4 C:\wamp64\www\Juge-Maj\system\CodeIgniter.php(832): App\Controllers\Home->voteCreer()
#5 C:\wamp64\www\Juge-Maj\system\CodeIgniter.php(419): CodeIgniter\CodeIgniter->runController(Object(App\Controllers\Home))
#6 C:\wamp64\www\Juge-Maj\system\CodeIgniter.php(326): CodeIgniter\CodeIgniter->handleRequest(NULL, Object(Config\Cache), false)
#7 C:\wamp64\www\Juge-Maj\public\index.php(37): CodeIgniter\CodeIgniter->run()
#8 {main}
CRITICAL - 2022-05-30 12:47:10 --> Invalid file: creerVoter.php
#0 C:\wamp64\www\Juge-Maj\system\View\View.php(198): CodeIgniter\Exceptions\FrameworkException::forInvalidFile('creerVoter.php')
#1 C:\wamp64\www\Juge-Maj\system\Common.php(1089): CodeIgniter\View\View->render('creerVoter', Array, true)
#2 C:\wamp64\www\Juge-Maj\app\Controllers\Home.php(30): view('creerVoter')
#3 C:\wamp64\www\Juge-Maj\system\CodeIgniter.php(832): App\Controllers\Home->voteCreer()
#4 C:\wamp64\www\Juge-Maj\system\CodeIgniter.php(419): CodeIgniter\CodeIgniter->runController(Object(App\Controllers\Home))
#5 C:\wamp64\www\Juge-Maj\system\CodeIgniter.php(326): CodeIgniter\CodeIgniter->handleRequest(NULL, Object(Config\Cache), false)
#6 C:\wamp64\www\Juge-Maj\public\index.php(37): CodeIgniter\CodeIgniter->run()
#7 {main}
CRITICAL - 2022-05-30 12:50:01 --> syntax error, unexpected '}'
#0 C:\wamp64\www\Juge-Maj\system\Router\Router.php(175): CodeIgniter\Router\Router->autoRoute('home/voteCreer')
#1 C:\wamp64\www\Juge-Maj\system\CodeIgniter.php(726): CodeIgniter\Router\Router->handle('home/voteCreer')
#2 C:\wamp64\www\Juge-Maj\system\CodeIgniter.php(368): CodeIgniter\CodeIgniter->tryToRouteIt(Object(CodeIgniter\Router\RouteCollection))
#3 C:\wamp64\www\Juge-Maj\system\CodeIgniter.php(326): CodeIgniter\CodeIgniter->handleRequest(NULL, Object(Config\Cache), false)
#4 C:\wamp64\www\Juge-Maj\public\index.php(37): CodeIgniter\CodeIgniter->run()
#5 {main}
CRITICAL - 2022-05-30 13:26:43 --> Class 'App\Models\UserModel' not found
#0 C:\wamp64\www\Juge-Maj\system\CodeIgniter.php(832): App\Controllers\Home->voteCreer()
#1 C:\wamp64\www\Juge-Maj\system\CodeIgniter.php(419): CodeIgniter\CodeIgniter->runController(Object(App\Controllers\Home))
#2 C:\wamp64\www\Juge-Maj\system\CodeIgniter.php(326): CodeIgniter\CodeIgniter->handleRequest(NULL, Object(Config\Cache), false)
#3 C:\wamp64\www\Juge-Maj\public\index.php(37): CodeIgniter\CodeIgniter->run()
#4 {main}
CRITICAL - 2022-05-30 13:30:27 --> Class 'App\Models\UserModel' not found
#0 C:\wamp64\www\Juge-Maj\system\CodeIgniter.php(832): App\Controllers\Home->voteCreer()
#1 C:\wamp64\www\Juge-Maj\system\CodeIgniter.php(419): CodeIgniter\CodeIgniter->runController(Object(App\Controllers\Home))
#2 C:\wamp64\www\Juge-Maj\system\CodeIgniter.php(326): CodeIgniter\CodeIgniter->handleRequest(NULL, Object(Config\Cache), false)
#3 C:\wamp64\www\Juge-Maj\public\index.php(37): CodeIgniter\CodeIgniter->run()
#4 {main}
CRITICAL - 2022-05-30 13:31:52 --> Class 'App\Models\UserModel' not found
#0 C:\wamp64\www\Juge-Maj\system\CodeIgniter.php(832): App\Controllers\Home->voteCreer()
#1 C:\wamp64\www\Juge-Maj\system\CodeIgniter.php(419): CodeIgniter\CodeIgniter->runController(Object(App\Controllers\Home))
#2 C:\wamp64\www\Juge-Maj\system\CodeIgniter.php(326): CodeIgniter\CodeIgniter->handleRequest(NULL, Object(Config\Cache), false)
#3 C:\wamp64\www\Juge-Maj\public\index.php(37): CodeIgniter\CodeIgniter->run()
#4 {main}
CRITICAL - 2022-05-30 13:31:53 --> Class 'App\Models\UserModel' not found
#0 C:\wamp64\www\Juge-Maj\system\CodeIgniter.php(832): App\Controllers\Home->voteCreer()
#1 C:\wamp64\www\Juge-Maj\system\CodeIgniter.php(419): CodeIgniter\CodeIgniter->runController(Object(App\Controllers\Home))
#2 C:\wamp64\www\Juge-Maj\system\CodeIgniter.php(326): CodeIgniter\CodeIgniter->handleRequest(NULL, Object(Config\Cache), false)
#3 C:\wamp64\www\Juge-Maj\public\index.php(37): CodeIgniter\CodeIgniter->run()
#4 {main}
CRITICAL - 2022-05-30 13:35:30 --> beforeInsert is not a valid Model Event callback.
#0 C:\wamp64\www\Juge-Maj\system\BaseModel.php(1453): CodeIgniter\Database\Exceptions\DataException::forInvalidMethodTriggered('beforeInsert')
#1 C:\wamp64\www\Juge-Maj\system\BaseModel.php(735): CodeIgniter\BaseModel->trigger('beforeInsert', Array)
#2 C:\wamp64\www\Juge-Maj\system\Model.php(625): CodeIgniter\BaseModel->insert(Array, false)
#3 C:\wamp64\www\Juge-Maj\system\BaseModel.php(658): CodeIgniter\Model->insert(Array, false)
#4 C:\wamp64\www\Juge-Maj\app\Controllers\Home.php(34): CodeIgniter\BaseModel->save(Array)
#5 C:\wamp64\www\Juge-Maj\system\CodeIgniter.php(832): App\Controllers\Home->voteCreer()
#6 C:\wamp64\www\Juge-Maj\system\CodeIgniter.php(419): CodeIgniter\CodeIgniter->runController(Object(App\Controllers\Home))
#7 C:\wamp64\www\Juge-Maj\system\CodeIgniter.php(326): CodeIgniter\CodeIgniter->handleRequest(NULL, Object(Config\Cache), false)
#8 C:\wamp64\www\Juge-Maj\public\index.php(37): CodeIgniter\CodeIgniter->run()
#9 {main}
CRITICAL - 2022-05-30 13:35:52 -->  is not a valid Model Event callback.
#0 C:\wamp64\www\Juge-Maj\system\BaseModel.php(1453): CodeIgniter\Database\Exceptions\DataException::forInvalidMethodTriggered('')
#1 C:\wamp64\www\Juge-Maj\system\BaseModel.php(735): CodeIgniter\BaseModel->trigger('beforeInsert', Array)
#2 C:\wamp64\www\Juge-Maj\system\Model.php(625): CodeIgniter\BaseModel->insert(Array, false)
#3 C:\wamp64\www\Juge-Maj\system\BaseModel.php(658): CodeIgniter\Model->insert(Array, false)
#4 C:\wamp64\www\Juge-Maj\app\Controllers\Home.php(34): CodeIgniter\BaseModel->save(Array)
#5 C:\wamp64\www\Juge-Maj\system\CodeIgniter.php(832): App\Controllers\Home->voteCreer()
#6 C:\wamp64\www\Juge-Maj\system\CodeIgniter.php(419): CodeIgniter\CodeIgniter->runController(Object(App\Controllers\Home))
#7 C:\wamp64\www\Juge-Maj\system\CodeIgniter.php(326): CodeIgniter\CodeIgniter->handleRequest(NULL, Object(Config\Cache), false)
#8 C:\wamp64\www\Juge-Maj\public\index.php(37): CodeIgniter\CodeIgniter->run()
#9 {main}
CRITICAL - 2022-05-30 13:35:55 -->  is not a valid Model Event callback.
#0 C:\wamp64\www\Juge-Maj\system\BaseModel.php(1453): CodeIgniter\Database\Exceptions\DataException::forInvalidMethodTriggered('')
#1 C:\wamp64\www\Juge-Maj\system\BaseModel.php(735): CodeIgniter\BaseModel->trigger('beforeInsert', Array)
#2 C:\wamp64\www\Juge-Maj\system\Model.php(625): CodeIgniter\BaseModel->insert(Array, false)
#3 C:\wamp64\www\Juge-Maj\system\BaseModel.php(658): CodeIgniter\Model->insert(Array, false)
#4 C:\wamp64\www\Juge-Maj\app\Controllers\Home.php(34): CodeIgniter\BaseModel->save(Array)
#5 C:\wamp64\www\Juge-Maj\system\CodeIgniter.php(832): App\Controllers\Home->voteCreer()
#6 C:\wamp64\www\Juge-Maj\system\CodeIgniter.php(419): CodeIgniter\CodeIgniter->runController(Object(App\Controllers\Home))
#7 C:\wamp64\www\Juge-Maj\system\CodeIgniter.php(326): CodeIgniter\CodeIgniter->handleRequest(NULL, Object(Config\Cache), false)
#8 C:\wamp64\www\Juge-Maj\public\index.php(37): CodeIgniter\CodeIgniter->run()
#9 {main}
ERROR - 2022-05-30 13:36:12 --> Duplicata du champ '0' pour la clef 'PRIMARY'
CRITICAL - 2022-05-30 13:36:12 --> Duplicata du champ '0' pour la clef 'PRIMARY'
#0 C:\wamp64\www\Juge-Maj\system\Database\MySQLi\Connection.php(292): mysqli->query('INSERT INTO `t_...', 0)
#1 C:\wamp64\www\Juge-Maj\system\Database\BaseConnection.php(670): CodeIgniter\Database\MySQLi\Connection->execute('INSERT INTO `t_...')
#2 C:\wamp64\www\Juge-Maj\system\Database\BaseConnection.php(598): CodeIgniter\Database\BaseConnection->simpleQuery('INSERT INTO `t_...')
#3 C:\wamp64\www\Juge-Maj\system\Database\BaseBuilder.php(1771): CodeIgniter\Database\BaseConnection->query('INSERT INTO `t_...', Array, false)
#4 C:\wamp64\www\Juge-Maj\system\Model.php(239): CodeIgniter\Database\BaseBuilder->insert()
#5 C:\wamp64\www\Juge-Maj\system\BaseModel.php(738): CodeIgniter\Model->doInsert(Array)
#6 C:\wamp64\www\Juge-Maj\system\Model.php(625): CodeIgniter\BaseModel->insert(Array, false)
#7 C:\wamp64\www\Juge-Maj\system\BaseModel.php(658): CodeIgniter\Model->insert(Array, false)
#8 C:\wamp64\www\Juge-Maj\app\Controllers\Home.php(34): CodeIgniter\BaseModel->save(Array)
#9 C:\wamp64\www\Juge-Maj\system\CodeIgniter.php(832): App\Controllers\Home->voteCreer()
#10 C:\wamp64\www\Juge-Maj\system\CodeIgniter.php(419): CodeIgniter\CodeIgniter->runController(Object(App\Controllers\Home))
#11 C:\wamp64\www\Juge-Maj\system\CodeIgniter.php(326): CodeIgniter\CodeIgniter->handleRequest(NULL, Object(Config\Cache), false)
#12 C:\wamp64\www\Juge-Maj\public\index.php(37): CodeIgniter\CodeIgniter->run()
#13 {main}
ERROR - 2022-05-30 13:36:41 --> Duplicata du champ '0' pour la clef 'PRIMARY'
CRITICAL - 2022-05-30 13:36:41 --> Duplicata du champ '0' pour la clef 'PRIMARY'
#0 C:\wamp64\www\Juge-Maj\system\Database\MySQLi\Connection.php(292): mysqli->query('INSERT INTO `t_...', 0)
#1 C:\wamp64\www\Juge-Maj\system\Database\BaseConnection.php(670): CodeIgniter\Database\MySQLi\Connection->execute('INSERT INTO `t_...')
#2 C:\wamp64\www\Juge-Maj\system\Database\BaseConnection.php(598): CodeIgniter\Database\BaseConnection->simpleQuery('INSERT INTO `t_...')
#3 C:\wamp64\www\Juge-Maj\system\Database\BaseBuilder.php(1771): CodeIgniter\Database\BaseConnection->query('INSERT INTO `t_...', Array, false)
#4 C:\wamp64\www\Juge-Maj\system\Model.php(239): CodeIgniter\Database\BaseBuilder->insert()
#5 C:\wamp64\www\Juge-Maj\system\BaseModel.php(738): CodeIgniter\Model->doInsert(Array)
#6 C:\wamp64\www\Juge-Maj\system\Model.php(625): CodeIgniter\BaseModel->insert(Array, false)
#7 C:\wamp64\www\Juge-Maj\system\BaseModel.php(658): CodeIgniter\Model->insert(Array, false)
#8 C:\wamp64\www\Juge-Maj\app\Controllers\Home.php(34): CodeIgniter\BaseModel->save(Array)
#9 C:\wamp64\www\Juge-Maj\system\CodeIgniter.php(832): App\Controllers\Home->voteCreer()
#10 C:\wamp64\www\Juge-Maj\system\CodeIgniter.php(419): CodeIgniter\CodeIgniter->runController(Object(App\Controllers\Home))
#11 C:\wamp64\www\Juge-Maj\system\CodeIgniter.php(326): CodeIgniter\CodeIgniter->handleRequest(NULL, Object(Config\Cache), false)
#12 C:\wamp64\www\Juge-Maj\public\index.php(37): CodeIgniter\CodeIgniter->run()
#13 {main}
CRITICAL - 2022-05-30 13:38:04 --> syntax error, unexpected '}', expecting ';'
#0 C:\wamp64\www\Juge-Maj\system\Router\Router.php(175): CodeIgniter\Router\Router->autoRoute('home/voteCreer')
#1 C:\wamp64\www\Juge-Maj\system\CodeIgniter.php(726): CodeIgniter\Router\Router->handle('home/voteCreer')
#2 C:\wamp64\www\Juge-Maj\system\CodeIgniter.php(368): CodeIgniter\CodeIgniter->tryToRouteIt(Object(CodeIgniter\Router\RouteCollection))
#3 C:\wamp64\www\Juge-Maj\system\CodeIgniter.php(326): CodeIgniter\CodeIgniter->handleRequest(NULL, Object(Config\Cache), false)
#4 C:\wamp64\www\Juge-Maj\public\index.php(37): CodeIgniter\CodeIgniter->run()
#5 {main}
CRITICAL - 2022-05-30 13:39:58 -->  route cannot be found while reverse-routing.
#0 C:\wamp64\www\Juge-Maj\system\HTTP\RedirectResponse.php(56): CodeIgniter\HTTP\Exceptions\HTTPException::forInvalidRedirectRoute('')
#1 C:\wamp64\www\Juge-Maj\system\Common.php(832): CodeIgniter\HTTP\RedirectResponse->route(false)
#2 C:\wamp64\www\Juge-Maj\app\Controllers\Home.php(38): redirect('home/voteCreer')
#3 C:\wamp64\www\Juge-Maj\system\CodeIgniter.php(832): App\Controllers\Home->voteCreer()
#4 C:\wamp64\www\Juge-Maj\system\CodeIgniter.php(419): CodeIgniter\CodeIgniter->runController(Object(App\Controllers\Home))
#5 C:\wamp64\www\Juge-Maj\system\CodeIgniter.php(326): CodeIgniter\CodeIgniter->handleRequest(NULL, Object(Config\Cache), false)
#6 C:\wamp64\www\Juge-Maj\public\index.php(37): CodeIgniter\CodeIgniter->run()
#7 {main}
CRITICAL - 2022-05-30 13:40:16 -->  route cannot be found while reverse-routing.
#0 C:\wamp64\www\Juge-Maj\system\HTTP\RedirectResponse.php(56): CodeIgniter\HTTP\Exceptions\HTTPException::forInvalidRedirectRoute('')
#1 C:\wamp64\www\Juge-Maj\system\Common.php(832): CodeIgniter\HTTP\RedirectResponse->route(false)
#2 C:\wamp64\www\Juge-Maj\app\Controllers\Home.php(38): redirect('home/voteCreer')
#3 C:\wamp64\www\Juge-Maj\system\CodeIgniter.php(832): App\Controllers\Home->voteCreer()
#4 C:\wamp64\www\Juge-Maj\system\CodeIgniter.php(419): CodeIgniter\CodeIgniter->runController(Object(App\Controllers\Home))
#5 C:\wamp64\www\Juge-Maj\system\CodeIgniter.php(326): CodeIgniter\CodeIgniter->handleRequest(NULL, Object(Config\Cache), false)
#6 C:\wamp64\www\Juge-Maj\public\index.php(37): CodeIgniter\CodeIgniter->run()
#7 {main}
ERROR - 2022-05-30 13:57:20 --> Error connecting to the database: Base 'vote' inconnue
CRITICAL - 2022-05-30 13:57:20 --> Unable to connect to the database.
Main connection [MySQLi]: Base 'vote' inconnue
#0 C:\wamp64\www\Juge-Maj\system\Database\BaseConnection.php(577): CodeIgniter\Database\BaseConnection->initialize()
#1 C:\wamp64\www\Juge-Maj\system\Database\BaseBuilder.php(1913): CodeIgniter\Database\BaseConnection->query('UPDATE `t_vote_...', Array, false)
#2 C:\wamp64\www\Juge-Maj\system\Model.php(298): CodeIgniter\Database\BaseBuilder->update()
#3 C:\wamp64\www\Juge-Maj\system\BaseModel.php(865): CodeIgniter\Model->doUpdate(Array, Array)
#4 C:\wamp64\www\Juge-Maj\system\Model.php(651): CodeIgniter\BaseModel->update(Array, Array)
#5 C:\wamp64\www\Juge-Maj\system\BaseModel.php(656): CodeIgniter\Model->update(1, Array)
#6 C:\wamp64\www\Juge-Maj\app\Controllers\Home.php(37): CodeIgniter\BaseModel->save(Array)
#7 C:\wamp64\www\Juge-Maj\system\CodeIgniter.php(832): App\Controllers\Home->voteCreer()
#8 C:\wamp64\www\Juge-Maj\system\CodeIgniter.php(419): CodeIgniter\CodeIgniter->runController(Object(App\Controllers\Home))
#9 C:\wamp64\www\Juge-Maj\system\CodeIgniter.php(326): CodeIgniter\CodeIgniter->handleRequest(NULL, Object(Config\Cache), false)
#10 C:\wamp64\www\Juge-Maj\public\index.php(37): CodeIgniter\CodeIgniter->run()
#11 {main}
ERROR - 2022-05-30 13:58:38 --> Error connecting to the database: Base 'vote' inconnue
CRITICAL - 2022-05-30 13:58:38 --> Unable to connect to the database.
Main connection [MySQLi]: Base 'vote' inconnue
#0 C:\wamp64\www\Juge-Maj\system\Database\BaseConnection.php(577): CodeIgniter\Database\BaseConnection->initialize()
#1 C:\wamp64\www\Juge-Maj\system\Database\BaseBuilder.php(1913): CodeIgniter\Database\BaseConnection->query('UPDATE `t_vote_...', Array, false)
#2 C:\wamp64\www\Juge-Maj\system\Model.php(298): CodeIgniter\Database\BaseBuilder->update()
#3 C:\wamp64\www\Juge-Maj\system\BaseModel.php(865): CodeIgniter\Model->doUpdate(Array, Array)
#4 C:\wamp64\www\Juge-Maj\system\Model.php(651): CodeIgniter\BaseModel->update(Array, Array)
#5 C:\wamp64\www\Juge-Maj\system\BaseModel.php(656): CodeIgniter\Model->update(1, Array)
#6 C:\wamp64\www\Juge-Maj\app\Controllers\Home.php(37): CodeIgniter\BaseModel->save(Array)
#7 C:\wamp64\www\Juge-Maj\system\CodeIgniter.php(832): App\Controllers\Home->voteCreer()
#8 C:\wamp64\www\Juge-Maj\system\CodeIgniter.php(419): CodeIgniter\CodeIgniter->runController(Object(App\Controllers\Home))
#9 C:\wamp64\www\Juge-Maj\system\CodeIgniter.php(326): CodeIgniter\CodeIgniter->handleRequest(NULL, Object(Config\Cache), false)
#10 C:\wamp64\www\Juge-Maj\public\index.php(37): CodeIgniter\CodeIgniter->run()
#11 {main}
ERROR - 2022-05-30 14:06:57 --> Duplicata du champ '1' pour la clef 'PRIMARY'
CRITICAL - 2022-05-30 14:06:57 --> Duplicata du champ '1' pour la clef 'PRIMARY'
#0 C:\wamp64\www\Juge-Maj\system\Database\MySQLi\Connection.php(292): mysqli->query('INSERT INTO `t_...', 0)
#1 C:\wamp64\www\Juge-Maj\system\Database\BaseConnection.php(670): CodeIgniter\Database\MySQLi\Connection->execute('INSERT INTO `t_...')
#2 C:\wamp64\www\Juge-Maj\system\Database\BaseConnection.php(598): CodeIgniter\Database\BaseConnection->simpleQuery('INSERT INTO `t_...')
#3 C:\wamp64\www\Juge-Maj\system\Database\BaseBuilder.php(1771): CodeIgniter\Database\BaseConnection->query('INSERT INTO `t_...', Array, false)
#4 C:\wamp64\www\Juge-Maj\system\Model.php(239): CodeIgniter\Database\BaseBuilder->insert()
#5 C:\wamp64\www\Juge-Maj\system\BaseModel.php(738): CodeIgniter\Model->doInsert(Array)
#6 C:\wamp64\www\Juge-Maj\system\Model.php(625): CodeIgniter\BaseModel->insert(Array, true)
#7 C:\wamp64\www\Juge-Maj\app\Controllers\Home.php(37): CodeIgniter\Model->insert(Array)
#8 C:\wamp64\www\Juge-Maj\system\CodeIgniter.php(832): App\Controllers\Home->voteCreer()
#9 C:\wamp64\www\Juge-Maj\system\CodeIgniter.php(419): CodeIgniter\CodeIgniter->runController(Object(App\Controllers\Home))
#10 C:\wamp64\www\Juge-Maj\system\CodeIgniter.php(326): CodeIgniter\CodeIgniter->handleRequest(NULL, Object(Config\Cache), false)
#11 C:\wamp64\www\Juge-Maj\public\index.php(37): CodeIgniter\CodeIgniter->run()
#12 {main}
ERROR - 2022-05-30 14:07:47 --> Duplicata du champ '2' pour la clef 'PRIMARY'
CRITICAL - 2022-05-30 14:07:47 --> Duplicata du champ '2' pour la clef 'PRIMARY'
#0 C:\wamp64\www\Juge-Maj\system\Database\MySQLi\Connection.php(292): mysqli->query('INSERT INTO `t_...', 0)
#1 C:\wamp64\www\Juge-Maj\system\Database\BaseConnection.php(670): CodeIgniter\Database\MySQLi\Connection->execute('INSERT INTO `t_...')
#2 C:\wamp64\www\Juge-Maj\system\Database\BaseConnection.php(598): CodeIgniter\Database\BaseConnection->simpleQuery('INSERT INTO `t_...')
#3 C:\wamp64\www\Juge-Maj\system\Database\BaseBuilder.php(1771): CodeIgniter\Database\BaseConnection->query('INSERT INTO `t_...', Array, false)
#4 C:\wamp64\www\Juge-Maj\system\Model.php(239): CodeIgniter\Database\BaseBuilder->insert()
#5 C:\wamp64\www\Juge-Maj\system\BaseModel.php(738): CodeIgniter\Model->doInsert(Array)
#6 C:\wamp64\www\Juge-Maj\system\Model.php(625): CodeIgniter\BaseModel->insert(Array, true)
#7 C:\wamp64\www\Juge-Maj\app\Controllers\Home.php(37): CodeIgniter\Model->insert(Array)
#8 C:\wamp64\www\Juge-Maj\system\CodeIgniter.php(832): App\Controllers\Home->voteCreer()
#9 C:\wamp64\www\Juge-Maj\system\CodeIgniter.php(419): CodeIgniter\CodeIgniter->runController(Object(App\Controllers\Home))
#10 C:\wamp64\www\Juge-Maj\system\CodeIgniter.php(326): CodeIgniter\CodeIgniter->handleRequest(NULL, Object(Config\Cache), false)
#11 C:\wamp64\www\Juge-Maj\public\index.php(37): CodeIgniter\CodeIgniter->run()
#12 {main}
ERROR - 2022-05-30 14:12:43 --> Champ 'vote_question' inconnu dans field list
CRITICAL - 2022-05-30 14:12:43 --> Champ 'vote_question' inconnu dans field list
#0 C:\wamp64\www\Juge-Maj\system\Database\MySQLi\Connection.php(292): mysqli->query('INSERT INTO `t_...', 0)
#1 C:\wamp64\www\Juge-Maj\system\Database\BaseConnection.php(670): CodeIgniter\Database\MySQLi\Connection->execute('INSERT INTO `t_...')
#2 C:\wamp64\www\Juge-Maj\system\Database\BaseConnection.php(598): CodeIgniter\Database\BaseConnection->simpleQuery('INSERT INTO `t_...')
#3 C:\wamp64\www\Juge-Maj\system\Database\BaseBuilder.php(1771): CodeIgniter\Database\BaseConnection->query('INSERT INTO `t_...', Array, false)
#4 C:\wamp64\www\Juge-Maj\system\Model.php(239): CodeIgniter\Database\BaseBuilder->insert()
#5 C:\wamp64\www\Juge-Maj\system\BaseModel.php(738): CodeIgniter\Model->doInsert(Array)
#6 C:\wamp64\www\Juge-Maj\system\Model.php(625): CodeIgniter\BaseModel->insert(Array, true)
#7 C:\wamp64\www\Juge-Maj\app\Controllers\Home.php(37): CodeIgniter\Model->insert(Array)
#8 C:\wamp64\www\Juge-Maj\system\CodeIgniter.php(832): App\Controllers\Home->voteCreer()
#9 C:\wamp64\www\Juge-Maj\system\CodeIgniter.php(419): CodeIgniter\CodeIgniter->runController(Object(App\Controllers\Home))
#10 C:\wamp64\www\Juge-Maj\system\CodeIgniter.php(326): CodeIgniter\CodeIgniter->handleRequest(NULL, Object(Config\Cache), false)
#11 C:\wamp64\www\Juge-Maj\public\index.php(37): CodeIgniter\CodeIgniter->run()
#12 {main}
ERROR - 2022-05-30 16:10:40 --> Champ 'vote_question' inconnu dans field list
ERROR - 2022-05-30 16:16:21 --> Champ 'vote_question' inconnu dans field list
ERROR - 2022-05-30 16:16:41 --> Champ 'vote_question' inconnu dans field list
ERROR - 2022-05-30 16:16:47 --> Champ 'vote_question' inconnu dans field list
ERROR - 2022-05-30 16:19:39 --> Champ 'vote_question' inconnu dans field list
ERROR - 2022-05-30 16:21:52 --> Champ 'vote_question' inconnu dans field list
CRITICAL - 2022-05-30 16:21:52 --> Champ 'vote_question' inconnu dans field list
#0 D:\wamp64\www\vote\system\Database\MySQLi\Connection.php(292): mysqli->query('INSERT INTO `t_...', 0)
#1 D:\wamp64\www\vote\system\Database\BaseConnection.php(670): CodeIgniter\Database\MySQLi\Connection->execute('INSERT INTO `t_...')
#2 D:\wamp64\www\vote\system\Database\BaseConnection.php(598): CodeIgniter\Database\BaseConnection->simpleQuery('INSERT INTO `t_...')
#3 D:\wamp64\www\vote\system\Database\BaseBuilder.php(1771): CodeIgniter\Database\BaseConnection->query('INSERT INTO `t_...', Array, false)
#4 D:\wamp64\www\vote\system\Model.php(239): CodeIgniter\Database\BaseBuilder->insert()
#5 D:\wamp64\www\vote\system\BaseModel.php(738): CodeIgniter\Model->doInsert(Array)
#6 D:\wamp64\www\vote\system\Model.php(625): CodeIgniter\BaseModel->insert(Array, true)
#7 D:\wamp64\www\vote\app\Controllers\Home.php(36): CodeIgniter\Model->insert(Array)
#8 D:\wamp64\www\vote\system\CodeIgniter.php(832): App\Controllers\Home->voteCreer()
#9 D:\wamp64\www\vote\system\CodeIgniter.php(419): CodeIgniter\CodeIgniter->runController(Object(App\Controllers\Home))
#10 D:\wamp64\www\vote\system\CodeIgniter.php(326): CodeIgniter\CodeIgniter->handleRequest(NULL, Object(Config\Cache), false)
#11 D:\wamp64\www\vote\public\index.php(37): CodeIgniter\CodeIgniter->run()
#12 {main}
ERROR - 2022-05-30 16:54:50 --> Duplicata du champ '3' pour la clef 'PRIMARY'
CRITICAL - 2022-05-30 16:54:50 --> Duplicata du champ '3' pour la clef 'PRIMARY'
#0 D:\wamp64\www\vote\system\Database\MySQLi\Connection.php(292): mysqli->query('INSERT INTO `t_...', 0)
#1 D:\wamp64\www\vote\system\Database\BaseConnection.php(670): CodeIgniter\Database\MySQLi\Connection->execute('INSERT INTO `t_...')
#2 D:\wamp64\www\vote\system\Database\BaseConnection.php(598): CodeIgniter\Database\BaseConnection->simpleQuery('INSERT INTO `t_...')
#3 D:\wamp64\www\vote\system\Database\BaseBuilder.php(1771): CodeIgniter\Database\BaseConnection->query('INSERT INTO `t_...', Array, false)
#4 D:\wamp64\www\vote\system\Model.php(239): CodeIgniter\Database\BaseBuilder->insert()
#5 D:\wamp64\www\vote\system\BaseModel.php(738): CodeIgniter\Model->doInsert(Array)
#6 D:\wamp64\www\vote\system\Model.php(625): CodeIgniter\BaseModel->insert(Array, true)
#7 D:\wamp64\www\vote\app\Controllers\Home.php(41): CodeIgniter\Model->insert(Array)
#8 D:\wamp64\www\vote\system\CodeIgniter.php(832): App\Controllers\Home->voteCreer()
#9 D:\wamp64\www\vote\system\CodeIgniter.php(419): CodeIgniter\CodeIgniter->runController(Object(App\Controllers\Home))
#10 D:\wamp64\www\vote\system\CodeIgniter.php(326): CodeIgniter\CodeIgniter->handleRequest(NULL, Object(Config\Cache), false)
#11 D:\wamp64\www\vote\public\index.php(37): CodeIgniter\CodeIgniter->run()
#12 {main}
ERROR - 2022-05-30 16:55:14 --> Duplicata du champ '3' pour la clef 'PRIMARY'
CRITICAL - 2022-05-30 16:55:14 --> Duplicata du champ '3' pour la clef 'PRIMARY'
#0 D:\wamp64\www\vote\system\Database\MySQLi\Connection.php(292): mysqli->query('INSERT INTO `t_...', 0)
#1 D:\wamp64\www\vote\system\Database\BaseConnection.php(670): CodeIgniter\Database\MySQLi\Connection->execute('INSERT INTO `t_...')
#2 D:\wamp64\www\vote\system\Database\BaseConnection.php(598): CodeIgniter\Database\BaseConnection->simpleQuery('INSERT INTO `t_...')
#3 D:\wamp64\www\vote\system\Database\BaseBuilder.php(1771): CodeIgniter\Database\BaseConnection->query('INSERT INTO `t_...', Array, false)
#4 D:\wamp64\www\vote\system\Model.php(239): CodeIgniter\Database\BaseBuilder->insert()
#5 D:\wamp64\www\vote\system\BaseModel.php(738): CodeIgniter\Model->doInsert(Array)
#6 D:\wamp64\www\vote\system\Model.php(625): CodeIgniter\BaseModel->insert(Array, true)
#7 D:\wamp64\www\vote\app\Controllers\Home.php(41): CodeIgniter\Model->insert(Array)
#8 D:\wamp64\www\vote\system\CodeIgniter.php(832): App\Controllers\Home->voteCreer()
#9 D:\wamp64\www\vote\system\CodeIgniter.php(419): CodeIgniter\CodeIgniter->runController(Object(App\Controllers\Home))
#10 D:\wamp64\www\vote\system\CodeIgniter.php(326): CodeIgniter\CodeIgniter->handleRequest(NULL, Object(Config\Cache), false)
#11 D:\wamp64\www\vote\public\index.php(37): CodeIgniter\CodeIgniter->run()
#12 {main}
ERROR - 2022-05-30 16:57:18 --> Duplicata du champ '3' pour la clef 'PRIMARY'
CRITICAL - 2022-05-30 16:57:18 --> Duplicata du champ '3' pour la clef 'PRIMARY'
#0 D:\wamp64\www\vote\system\Database\MySQLi\Connection.php(292): mysqli->query('INSERT INTO `t_...', 0)
#1 D:\wamp64\www\vote\system\Database\BaseConnection.php(670): CodeIgniter\Database\MySQLi\Connection->execute('INSERT INTO `t_...')
#2 D:\wamp64\www\vote\system\Database\BaseConnection.php(598): CodeIgniter\Database\BaseConnection->simpleQuery('INSERT INTO `t_...')
#3 D:\wamp64\www\vote\system\Database\BaseBuilder.php(1771): CodeIgniter\Database\BaseConnection->query('INSERT INTO `t_...', Array, false)
#4 D:\wamp64\www\vote\system\Model.php(239): CodeIgniter\Database\BaseBuilder->insert()
#5 D:\wamp64\www\vote\system\BaseModel.php(738): CodeIgniter\Model->doInsert(Array)
#6 D:\wamp64\www\vote\system\Model.php(625): CodeIgniter\BaseModel->insert(Array, true)
#7 D:\wamp64\www\vote\app\Controllers\Home.php(41): CodeIgniter\Model->insert(Array, true)
#8 D:\wamp64\www\vote\system\CodeIgniter.php(832): App\Controllers\Home->voteCreer()
#9 D:\wamp64\www\vote\system\CodeIgniter.php(419): CodeIgniter\CodeIgniter->runController(Object(App\Controllers\Home))
#10 D:\wamp64\www\vote\system\CodeIgniter.php(326): CodeIgniter\CodeIgniter->handleRequest(NULL, Object(Config\Cache), false)
#11 D:\wamp64\www\vote\public\index.php(37): CodeIgniter\CodeIgniter->run()
#12 {main}
